TN:
SF:src/utils/cycle-pattern.ts
FN:12,parityRecoveryContract
FN:25,barrierReturnPattern
FN:41,cycleRouteLabels
FN:45,nextCycleRouteIndex
FNF:4
FNH:4
FNDA:3,parityRecoveryContract
FNDA:3,barrierReturnPattern
FNDA:1,cycleRouteLabels
FNDA:2,nextCycleRouteIndex
DA:1,1
DA:2,1
DA:3,1
DA:4,1
DA:5,1
DA:6,1
DA:7,1
DA:8,1
DA:9,1
DA:10,1
DA:11,1
DA:12,3
DA:13,3
DA:14,3
DA:15,3
DA:16,3
DA:17,1
DA:18,1
DA:19,1
DA:20,1
DA:21,1
DA:22,1
DA:23,1
DA:24,1
DA:25,3
DA:26,3
DA:27,3
DA:28,3
DA:29,3
DA:30,3
DA:31,3
DA:32,3
DA:33,3
DA:34,3
DA:35,3
DA:36,2
DA:37,2
DA:38,3
DA:39,3
DA:40,1
DA:41,1
DA:42,1
DA:43,1
DA:44,1
DA:45,2
DA:46,2
DA:47,2
LF:47
LH:47
BRDA:12,0,0,3
BRDA:14,1,0,0
BRDA:15,2,0,1
BRDA:16,3,0,2
BRDA:16,4,0,1
BRDA:14,5,0,9
BRDA:15,6,0,7
BRDA:16,7,0,4
BRDA:25,8,0,3
BRDA:31,9,0,0
BRDA:35,10,0,2
BRDA:38,11,0,1
BRDA:38,12,0,1
BRDA:38,13,0,1
BRDA:41,14,0,1
BRDA:42,15,0,4
BRDA:45,16,0,2
BRF:17
BRH:15
end_of_record
